<?xml version="1.0" encoding="UTF-8"?>
<!-- Generated by org.testng.reporters.JUnitReportReporter -->
<testsuite hostname="LAPTOP-ARDMREGG" failures="0" tests="1" name="com.domi.testCases.dominosTestCase" time="58.047" errors="0" timestamp="2023-05-02T14:25:00 IST" skipped="0">
  <testcase classname="com.domi.testCases.dominosTestCase" name="login" time="58.047"/>
  <system-out/>
</testsuite> <!-- com.domi.testCases.dominosTestCase -->
